build/app/outputs/mapping/release/seeds.txt
com.capucho.resumelife_firebase.MainActivity
com.capucho.resumelife_firebase.MainActivity: MainActivity()
...
io.flutter.plugin.platform.SingleViewPresentation: io.flutter.plugin.platform.SingleViewPresentation$PresentationState state
io.flutter.embedding.engine.mutatorsstack.FlutterMutatorView: android.graphics.Matrix getPlatformViewMatrix()
com.google.android.gms.internal.firebase-auth-api.zzfs: int zzb
io.flutter.embedding.engine.FlutterJNI: void nativePrefetchDefaultFontManager()
io.flutter.embedding.engine.mutatorsstack.FlutterMutatorsStack
com.google.firebase.database.connection.Connection$State: com.google.firebase.database.connection.Connection$State[] values()
io.flutter.embedding.engine.FlutterJNI: boolean nativeFlutterTextUtilsIsRegionalIndicator(int)
com.google.android.gms.measurement.internal.AppMeasurementDynamiteService: void setUserId(java.lang.String,long)
androidx.lifecycle.Lifecycle$Event: androidx.lifecycle.Lifecycle$Event[] values()
io.flutter.embedding.engine.FlutterJNI: void ensureRunningOnMainThread()
com.google.android.gms.internal.firebase-auth-api.zzeu: int zzb
io.flutter.embedding.engine.FlutterJNI: java.lang.String[] computePlatformResolvedLocale(java.lang.String[])
com.google.android.gms.internal.measurement.zzp: com.google.android.gms.internal.measurement.zzq asInterface(android.os.IBinder)
android.support.v4.app.RemoteActionCompatParcelizer: androidx.core.app.RemoteActionCompat read(androidx.versionedparcelable.VersionedParcel)
com.google.android.gms.internal.firebase-auth-api.zzjg: com.google.android.gms.internal.firebase-auth-api.zzjg zzf
io.flutter.embedding.engine.FlutterJNI: boolean loadLibraryCalled
androidx.fragment.app.Fragment$2
com.google.android.gms.internal.measurement.zzdk: int zzY
com.google.android.gms.internal.measurement.zzdk: com.google.android.gms.internal.measurement.zzhy zzG
com.google.android.gms.internal.measurement.zzcy: int zze
com.google.android.gms.internal.firebase-auth-api.zzfs
com.google.android.gms.measurement.internal.AppMeasurementDynamiteService: void logEventAndBundle(java.lang.String,java.lang.String,android.os.Bundle,com.google.android.gms.internal.measurement.zzt,long)
com.google.android.gms.internal.firebase-auth-api.zzih: int zzf
com.google.android.gms.internal.firebase-auth-api.zzgk: int zzb
io.flutter.embedding.android.FlutterSurfaceView: io.flutter.embedding.engine.renderer.FlutterRenderer getAttachedRenderer()
com.google.android.gms.internal.firebase-auth-api.zzic: java.lang.String zzb
com.google.android.gms.internal.firebase-auth-api.zzgb: int zze
com.google.android.gms.common.internal.safeparcel.SafeParcelable: java.lang.String NULL
androidx.core.app.RemoteActionCompat
com.google.android.gms.internal.firebase-auth-api.zzio: int zzf
com.google.android.gms.measurement.internal.AppMeasurementDynamiteService: void setConditionalUserProperty(android.os.Bundle,long)
com.google.android.gms.internal.firebase-auth-api.zzgs: com.google.android.gms.internal.firebase-auth-api.zzih zzb
io.flutter.embedding.android.FlutterSplashView$SavedState: FlutterSplashView$SavedState(android.os.Parcel)
com.google.android.gms.internal.measurement.zzhr: java.util.Map zza
io.flutter.embedding.engine.FlutterJNI: boolean nativeFlutterTextUtilsIsEmojiModifier(int)
com.google.android.datatransport.cct.internal.NetworkConnectionInfo$NetworkType: com.google.android.datatransport.cct.internal.NetworkConnectionInfo$NetworkType valueOf(java.lang.String)
com.google.android.gms.internal.firebase-auth-api.zzjo: int zzb
com.google.android.gms.measurement.internal.AppMeasurementDynamiteService: void getUserProperties(java.lang.String,java.lang.String,boolean,com.google.android.gms.internal.measurement.zzt)
com.google.android.gms.internal.firebase-auth-api.zzge: com.google.android.gms.internal.firebase-auth-api.zzyy zze
com.google.android.gms.internal.measurement.zzdk: int zzg
io.flutter.embedding.engine.FlutterJNI: void setRefreshRateFPS(float)
androidx.lifecycle.ReportFragment$LifecycleCallbacks: void onActivityPostStarted(android.app.Activity)