build/app/outputs/mapping/release/mapping.txt
# compiler: R8
# compiler_version: 2.1.62
# min_api: 16
# pg_map_id: 9284e8d
# common_typos_disable
...
com.google.firebase.heartbeatinfo.DefaultHeartBeatInfo$$Lambda$1 -> com.google.firebase.s.a:
    android.content.Context arg$1 -> a
    com.google.firebase.inject.Provider lambdaFactory$(android.content.Context) -> a
com.google.firebase.heartbeatinfo.DefaultHeartBeatInfo$$Lambda$4 -> com.google.firebase.s.b:
    com.google.firebase.heartbeatinfo.DefaultHeartBeatInfo$$Lambda$4 instance -> a
    java.lang.Object create(com.google.firebase.components.ComponentContainer) -> a
    com.google.firebase.components.ComponentFactory lambdaFactory$() -> b
com.google.firebase.heartbeatinfo.DefaultHeartBeatInfo$$Lambda$5 -> com.google.firebase.s.c:
    com.google.firebase.heartbeatinfo.DefaultHeartBeatInfo$$Lambda$5 instance -> a
    java.util.concurrent.ThreadFactory lambdaFactory$() -> a
com.google.firebase.heartbeatinfo.HeartBeatConsumer -> com.google.firebase.s.e:
com.google.firebase.heartbeatinfo.HeartBeatInfo -> com.google.firebase.s.f:
    com.google.firebase.heartbeatinfo.HeartBeatInfo$HeartBeat getHeartBeatCode(java.lang.String) -> a
com.google.firebase.heartbeatinfo.HeartBeatInfo$HeartBeat -> com.google.firebase.s.f$a:
    com.google.firebase.heartbeatinfo.HeartBeatInfo$HeartBeat[] $VALUES -> h
    com.google.firebase.heartbeatinfo.HeartBeatInfo$HeartBeat GLOBAL -> f
    com.google.firebase.heartbeatinfo.HeartBeatInfo$HeartBeat COMBINED -> g
    com.google.firebase.heartbeatinfo.HeartBeatInfo$HeartBeat NONE -> d
    com.google.firebase.heartbeatinfo.HeartBeatInfo$HeartBeat SDK -> e
    int code -> c
    int getCode() -> d
com.google.firebase.heartbeatinfo.HeartBeatInfoStorage -> com.google.firebase.s.g:
    com.google.firebase.heartbeatinfo.HeartBeatInfoStorage instance -> b
    android.content.SharedPreferences sharedPreferences -> a
    java.text.SimpleDateFormat FORMATTER -> c
    com.google.firebase.heartbeatinfo.HeartBeatInfoStorage getInstance(android.content.Context) -> a
    boolean isSameDateUtc(long,long) -> b
    boolean shouldSendGlobalHeartBeat(long) -> c
    boolean shouldSendSdkHeartBeat(java.lang.String,long) -> d
com.google.firebase.iid.FirebaseIidExecutors -> com.google.firebase.iid.b:
    java.util.concurrent.Executor DIRECT_EXECUTOR -> a
    java.util.concurrent.Executor directExecutor() -> a
    java.util.concurrent.ExecutorService newCachedSingleThreadExecutor() -> b
com.google.firebase.iid.FirebaseIidExecutors$$Lambda$0 -> com.google.firebase.iid.a:
    java.util.concurrent.Executor $instance -> a
com.google.firebase.iid.FirebaseInstanceId -> com.google.firebase.iid.FirebaseInstanceId:
    com.google.firebase.iid.Store store -> j
    long MAX_DELAY_SEC -> i
    com.google.firebase.iid.RequestDeduplicator requestDeduplicator -> e
    java.util.concurrent.ScheduledExecutorService syncExecutor -> l
    java.util.concurrent.Executor fileIoExecutor -> a
    com.google.firebase.installations.FirebaseInstallationsApi firebaseInstallations -> f
    boolean syncScheduledOrRunning -> g
    java.util.List newTokenListeners -> h
    com.google.firebase.iid.GmsRpc rpc -> d
    java.util.regex.Pattern API_KEY_FORMAT -> k
    com.google.firebase.FirebaseApp app -> b
    com.google.firebase.iid.Metadata metadata -> c
    com.google.android.gms.tasks.Task lambda$getInstanceId$3$FirebaseInstanceId(java.lang.String,java.lang.String,com.google.android.gms.tasks.Task) -> A
    java.lang.String rationaliseScope(java.lang.String) -> B
    void resetStorage() -> C
    void setSyncScheduledOrRunning(boolean) -> D
    void startSync() -> E
    void syncWithDelaySecondsInternal(long) -> F
    boolean tokenNeedsRefresh(com.google.firebase.iid.Store$Token) -> G
    void addNewTokenListener(com.google.firebase.iid.internal.FirebaseInstanceIdInternal$NewTokenListener) -> a
    java.lang.Object awaitTask(com.google.android.gms.tasks.Task) -> b
    java.lang.Object awaitTaskAllowOnMainThread(com.google.android.gms.tasks.Task) -> c
    java.lang.String blockingGetMasterToken() -> d