build/app/outputs/mapping/release/usage.txt
com.capucho.resumelife_firebase.R$layout
com.capucho.resumelife_firebase.R$xml
com.capucho.resumelife_firebase.R$styleable
com.capucho.resumelife_firebase.R$string
com.capucho.resumelife_firebase.R$integer
com.capucho.resumelife_firebase.R$style
com.capucho.resumelife_firebase.R$attr
com.capucho.resumelife_firebase.R$drawable
com.capucho.resumelife_firebase.R
com.capucho.resumelife_firebase.R$color
com.capucho.resumelife_firebase.R$id
com.capucho.resumelife_firebase.BuildConfig
com.capucho.resumelife_firebase.R$mipmap
com.capucho.resumelife_firebase.R$dimen
...
org.intellij.lang.annotations.JdkConstants$TreeSelectionMode
io.flutter.plugins.urllauncher.R$dimen
com.google.firebase.auth.internal.zzac:
    public final com.google.android.gms.tasks.Task getSession()
    public final com.google.android.gms.tasks.Task enroll(com.google.firebase.auth.MultiFactorAssertion,java.lang.String)
    public final com.google.android.gms.tasks.Task unenroll(com.google.firebase.auth.MultiFactorInfo)
    public final com.google.android.gms.tasks.Task unenroll(java.lang.String)
com.google.android.datatransport.runtime.dagger.internal.Beta
kotlin.coroutines.experimental.intrinsics.IntrinsicsKt__IntrinsicsJvmKt$buildContinuationByInvokeCall$continuation$1
kotlin.PreconditionsKt
androidx.slidingpanelayout.R$layout
com.google.firebase.auth.internal.zzat
kotlin.coroutines.CombinedContext
kotlin._Assertions
com.google.android.gms.common.internal.ImagesContract
com.google.common.util.concurrent.internal.InternalFutures:
    private void <init>()
com.google.common.util.concurrent.TimeLimiter
com.google.common.base.Suppliers$SupplierOfInstance
com.google.android.gms.safetynet.SafetyNetStatusCodes
com.google.common.base.Equivalence$1
androidx.core.app.NotificationCompat$1
com.google.common.collect.Maps$FilteredMapValues
com.google.common.util.concurrent.CycleDetectingLockFactory$CycleDetectingReentrantWriteLock
com.google.firebase.datatransport.R$attr
androidx.asynclayoutinflater.R$id
com.google.common.util.concurrent.ServiceManager$ServiceManagerState
com.google.firebase.heartbeatinfo.DefaultHeartBeatInfo$$Lambda$2
com.google.common.collect.Sets$5$1$1$1
com.google.android.gms.dynamic.zad
com.google.common.base.Functions$1
com.google.common.cache.LocalCache$WeightedSoftValueReference
com.google.android.gms.common.data.zab:
    public final com.google.android.gms.common.data.DataHolder$Builder zaa(java.util.HashMap)
    public final com.google.android.gms.common.data.DataHolder$Builder withRow(android.content.ContentValues)
com.google.android.gms.auth.api.phone.SmsCodeAutofillClient
com.google.android.gms.internal.firebase-auth-api.zzfb:
    static void <clinit>()
    static final synthetic int[] zza
com.google.common.base.Predicates$ObjectPredicate$4
androidx.annotation.XmlRes
androidx.lifecycle.ViewModelStore:
    java.util.Set keys()
com.google.common.base.Predicates$ContainsPatternPredicate
com.google.common.util.concurrent.Service$1
com.google.firebase.ktx.Firebase
com.google.android.gms.common.internal.IResolveAccountCallbacks$Stub$Proxy
com.google.common.eventbus.Dispatcher$LegacyAsyncDispatcher
com.google.common.graph.MapIteratorCache$1$1
androidx.annotation.IntDef
androidx.core.os.CancellationSignal$OnCancelListener
androidx.documentfile.provider.SingleDocumentFile
com.google.android.gms.common.api.internal.zaar
com.google.common.collect.AbstractMapBasedMultimap$1
com.google.common.collect.MultimapBuilder$SetMultimapBuilder
kotlin.annotation.AnnotationRetention
io.flutter.plugins.pathprovider.R$id
com.google.android.gms.internal.firebase-auth-api.zzep:
    static void <clinit>()
    static final synthetic int[] zza
com.google.android.gms.internal.safetynet.zzq
com.google.android.gms.common.api.internal.zaaa
androidx.core.content.res.TypedArrayUtils
com.google.common.hash.SipHashFunction$SipHasher
com.google.common.collect.ImmutableMultimap$Keys
com.google.firebase.database.connection.util.package-info
kotlin.jvm.functions.Function3
com.google.common.graph.UndirectedMultiNetworkConnections
com.google.common.collect.MinMaxPriorityQueue$1
com.google.common.base.Converter$1
com.google.android.gms.common.api.internal.zai
com.google.thirdparty.publicsuffix.PublicSuffixType
androidx.core.location.GnssStatusCompat$Callback
com.google.android.gms.internal.safetynet.zzk$zzg
com.google.common.collect.AbstractMapBasedMultimap$NavigableKeySet
androidx.core.content.pm.ShortcutManagerCompat
com.google.android.gms.internal.firebase-auth-api.zzqs